<?xml version="1.0" encoding="UTF-8" ?>
<testsuite failures="0" time="1.743" errors="0" skipped="0" tests="3" name="com.ksubaka.SearchPublicApiForItemTest">
  <properties>
[...]
</properties>
  <testcase time="1.277" classname="com.ksubaka.SearchPublicApiForItemTest" name="testOmdbFilmSearch"/>
  <testcase time="0.001" classname="com.ksubaka.SearchPublicApiForItemTest" name="testForUnknownApiFilmSearch"/>
  <testcase time="0.465" classname="com.ksubaka.SearchPublicApiForItemTest" name="testTmdbFilmSearch"/>
</testsuite>